[debug] [2024-08-24T18:07:21.225Z] ----------------------------------------------------------------------
[debug] [2024-08-24T18:07:21.231Z] Command:       C:\Program Files\nodejs\node.exe C:\Users\saipr\AppData\Roaming\npm\node_modules\firebase-tools\lib\bin\firebase.js init
[debug] [2024-08-24T18:07:21.232Z] CLI Version:   13.15.4
[debug] [2024-08-24T18:07:21.232Z] Platform:      win32
[debug] [2024-08-24T18:07:21.232Z] Node Version:  v20.11.1
[debug] [2024-08-24T18:07:21.233Z] Time:          Sat Aug 24 2024 23:37:21 GMT+0530 (India Standard Time)
[debug] [2024-08-24T18:07:21.233Z] ----------------------------------------------------------------------
[debug] 
[debug] [2024-08-24T18:07:21.248Z] > command requires scopes: ["email","openid","https://www.googleapis.com/auth/cloudplatformprojects.readonly","https://www.googleapis.com/auth/firebase","https://www.googleapis.com/auth/cloud-platform"]
[debug] [2024-08-24T18:07:21.249Z] > authorizing via signed-in user (saiprasadvsp1601@gmail.com)
[info] 
     ######## #### ########  ######## ########     ###     ######  ########
     ##        ##  ##     ## ##       ##     ##  ##   ##  ##       ##
     ######    ##  ########  ######   ########  #########  ######  ######
     ##        ##  ##    ##  ##       ##     ## ##     ##       ## ##
     ##       #### ##     ## ######## ########  ##     ##  ######  ########

You're about to initialize a Firebase project in this directory:

  C:\Users\saipr\OneDrive\Documents\React\Projects\app

[info] 
=== Project Setup
[info] 
[info] First, let's associate this project directory with a Firebase project.
[info] You can create multiple project aliases by running firebase use --add, 
[info] but for now we'll just set up a default project.
[info] 
[debug] [2024-08-24T18:08:23.527Z] >>> [apiv2][query] GET https://firebase.googleapis.com/v1beta1/projects pageSize=100
[debug] [2024-08-24T18:08:24.551Z] <<< [apiv2][status] GET https://firebase.googleapis.com/v1beta1/projects 200
[debug] [2024-08-24T18:08:24.551Z] <<< [apiv2][body] GET https://firebase.googleapis.com/v1beta1/projects [omitted]
[info] i  Using project react-app-df805 (react-app) 
[info] 
=== Hosting Setup
[debug] [2024-08-24T18:08:28.582Z] >>> [apiv2][query] GET https://firebase.googleapis.com/v1beta1/projects/react-app-df805 [none]
[debug] [2024-08-24T18:08:29.125Z] <<< [apiv2][status] GET https://firebase.googleapis.com/v1beta1/projects/react-app-df805 200
[debug] [2024-08-24T18:08:29.126Z] <<< [apiv2][body] GET https://firebase.googleapis.com/v1beta1/projects/react-app-df805 {"projectId":"react-app-df805","projectNumber":"309159530808","displayName":"react-app","name":"projects/react-app-df805","resources":{"hostingSite":"react-app-df805"},"state":"ACTIVE","etag":"1_44129777-ae9b-465b-8e3d-2f0c7f548708"}
[info] 
[info] Your public directory is the folder (relative to your project directory) that
[info] will contain Hosting assets to be uploaded with firebase deploy. If you
[info] have a build process for your assets, use your build's output directory.
[info] 
[info] +  Wrote public/404.html 
[debug] [2024-08-24T18:10:37.681Z] >>> [apiv2][query] GET https://www.gstatic.com/firebasejs/releases.json [none]
[debug] [2024-08-24T18:10:37.822Z] <<< [apiv2][status] GET https://www.gstatic.com/firebasejs/releases.json 200
[debug] [2024-08-24T18:10:37.823Z] <<< [apiv2][body] GET https://www.gstatic.com/firebasejs/releases.json {"current":{"version":"10.13.0","browserURL":"https://www.gstatic.com/firebasejs/10.13.0/firebase.js","packageURL":"https://www.gstatic.com/firebasejs/10.13.0/firebase.tgz"},"live":{"version":"10.13","browserURL":"https://www.gstatic.com/firebasejs/live/10.13/firebase.js","packageURL":"https://www.gstatic.com/firebasejs/live/10.13/firebase.tgz"},"components":{"analytics":"https://www.gstatic.com/firebasejs/10.13.0/firebase-analytics.js","app":"https://www.gstatic.com/firebasejs/10.13.0/firebase-app.js","app-check":"https://www.gstatic.com/firebasejs/10.13.0/firebase-app-check.js","auth":"https://www.gstatic.com/firebasejs/10.13.0/firebase-auth.js","auth/cordova":"https://www.gstatic.com/firebasejs/10.13.0/firebase-auth/cordova.js","auth/web-extension":"https://www.gstatic.com/firebasejs/10.13.0/firebase-auth/web-extension.js","functions":"https://www.gstatic.com/firebasejs/10.13.0/firebase-functions.js","firestore":"https://www.gstatic.com/firebasejs/10.13.0/firebase-firestore.js","firestore/lite":"https://www.gstatic.com/firebasejs/10.13.0/firebase-firestore/lite.js","installations":"https://www.gstatic.com/firebasejs/10.13.0/firebase-installations.js","storage":"https://www.gstatic.com/firebasejs/10.13.0/firebase-storage.js","performance":"https://www.gstatic.com/firebasejs/10.13.0/firebase-performance.js","remote-config":"https://www.gstatic.com/firebasejs/10.13.0/firebase-remote-config.js","messaging":"https://www.gstatic.com/firebasejs/10.13.0/firebase-messaging.js","messaging/sw":"https://www.gstatic.com/firebasejs/10.13.0/firebase-messaging/sw.js","database":"https://www.gstatic.com/firebasejs/10.13.0/firebase-database.js","vertexai-preview":"https://www.gstatic.com/firebasejs/10.13.0/firebase-vertexai-preview.js","firestore.memory":"https://www.gstatic.com/firebasejs/10.13.0/firebase-firestore.memory.js"}}
[info] i  Skipping write of public/index.html 
[info] 
[info] i  Detected a .git folder at C:\Users\saipr\OneDrive\Documents\React\Projects\app 
[info] i  Authorizing with GitHub to upload your service account to a GitHub repository's secrets store. 
[info] 
[info] Visit this URL on this device to log in:
[info] https://github.com/login/oauth/authorize?client_id=89cf50f02ac6aaed3484&state=239690644&redirect_uri=http%3A%2F%2Flocalhost%3A9005&scope=read%3Auser%20repo%20public_repo
[info] 
[info] Waiting for authentication...
